<?xml version="1.0" encoding="UTF-8"?>
<!-- Generated by org.testng.reporters.JUnitReportReporter -->
<testsuite hostname="shanks" failures="0" tests="1" name="shanks.tests.ErrorValidationsTest" time="17.794" errors="0" timestamp="2024-11-12T15:53:00 IST" skipped="0">
  <testcase classname="shanks.tests.ErrorValidationsTest" name="LoginErrorValidation" time="17.794"/>
</testsuite> <!-- shanks.tests.ErrorValidationsTest -->
