<?xml version="1.0" encoding="UTF-8"?>
<!-- Generated by org.testng.reporters.JUnitReportReporter -->
<testsuite hostname="shanks" failures="0" tests="1" name="cucumber.TestNgTestRunner" time="9.447" errors="0" timestamp="2024-07-02T16:38:27 IST" skipped="0">
  <testcase classname="cucumber.TestNgTestRunner" name="runScenario" time="9.447"/>
</testsuite> <!-- cucumber.TestNgTestRunner -->
