<?xml version="1.0" encoding="UTF-8"?>
<!-- Generated by org.testng.reporters.JUnitReportReporter -->
<testsuite hostname="shanks" failures="0" tests="3" name="shanks.tests.SubmitOrderTest" time="19.898" errors="0" timestamp="2024-06-28T16:41:27 IST" skipped="0">
  <testcase classname="shanks.tests.SubmitOrderTest" name="OrderHistoryTest" time="5.247"/>
  <testcase classname="shanks.tests.SubmitOrderTest" name="submitOrder" time="7.955"/>
  <testcase classname="shanks.tests.SubmitOrderTest" name="submitOrder" time="6.696"/>
</testsuite> <!-- shanks.tests.SubmitOrderTest -->
