<?xml version="1.0" encoding="UTF-8"?>
<!-- Generated by org.testng.reporters.JUnitReportReporter -->
<testsuite hostname="shanks" failures="0" tests="3" name="shanks.tests.SubmitOrderTest" time="24.073" errors="0" timestamp="2024-07-02T17:08:51 IST" skipped="0">
  <testcase classname="shanks.tests.SubmitOrderTest" name="submitOrder" time="11.960"/>
  <testcase classname="shanks.tests.SubmitOrderTest" name="OrderHistoryTest" time="5.698"/>
  <testcase classname="shanks.tests.SubmitOrderTest" name="submitOrder" time="6.415"/>
</testsuite> <!-- shanks.tests.SubmitOrderTest -->
