<?xml version="1.0" encoding="UTF-8"?>
<!-- Generated by org.testng.reporters.JUnitReportReporter -->
<testsuite hostname="shanks" failures="0" tests="2" name="shanks.tests.ErrorValidationsTest" time="9.232" errors="0" timestamp="2024-07-02T17:08:51 IST" skipped="0">
  <testcase classname="shanks.tests.ErrorValidationsTest" name="ProductErrorValidation" time="5.933"/>
  <testcase classname="shanks.tests.ErrorValidationsTest" name="LoginErrorValidation" time="3.299"/>
</testsuite> <!-- shanks.tests.ErrorValidationsTest -->
